android/app/build/intermediates/manifest_merge_blame_file/debug/manifest-merger-blame-debug-report.txt
1<?xml version="1.0" encoding="utf-8"?>
2<manifest xmlns:android="http://schemas.android.com/apk/res/android"
3    package="com.kdugo"
4    android:versionCode="1"
5    android:versionName="1.0" >
6
7    <uses-sdk
8        android:minSdkVersion="23"
9        android:targetSdkVersion="34" />
10
11    <uses-permission android:name="android.permission.INTERNET" />
11-->src\main\AndroidManifest.xml:4:5-67
11-->src\main\AndroidManifest.xml:4:22-64
12    <uses-permission android:name="android.permission.ACCESS_FINE_LOCATION" />
12-->src\main\AndroidManifest.xml:5:4-78
12-->src\main\AndroidManifest.xml:5:21-75
13    <uses-permission android:name="android.permission.ACCESS_NETWORK_STATE" />
13-->src\main\AndroidManifest.xml:7:4-77
13-->src\main\AndroidManifest.xml:7:21-75
14    <uses-permission android:name="android.permission.INTERNET" />
14-->src\main\AndroidManifest.xml:4:5-67
14-->src\main\AndroidManifest.xml:4:22-64
15    <uses-permission android:name="android.permission.READ_EXTERNAL_STORAGE" />
15-->src\main\AndroidManifest.xml:9:1-76
15-->src\main\AndroidManifest.xml:9:18-73
16    <uses-permission android:name="android.permission.WAKE_LOCK" />
16-->[:react-native-firebase_auth] AndroidManifest.xml:8:5-68
16-->[:react-native-firebase_auth] AndroidManifest.xml:8:22-65
17    <!--
18    This manifest file is used only by Gradle to configure debug-only capabilities
19    for React Native Apps.
20    -->
21    <uses-permission android:name="android.permission.SYSTEM_ALERT_WINDOW" /> <!-- See https://developer.android.com/training/package-visibility/declaring for more details. -->
21-->[com.facebook.react:react-android:0.74.3] AndroidManifest.xml:16:5-78
21-->[com.facebook.react:react-android:0.74.3] AndroidManifest.xml:16:22-75
22    <queries>
22-->[com.stripe:financial-connections:20.48.6] AndroidManifest.xml:10:5-18:15
23
24        <!-- Added to check the default browser that will host the AuthFlow. -->
25        <intent>
25-->[com.stripe:financial-connections:20.48.6] AndroidManifest.xml:13:9-17:18
26            <action android:name="android.intent.action.VIEW" />
26-->[com.stripe:financial-connections:20.48.6] AndroidManifest.xml:14:13-65
26-->[com.stripe:financial-connections:20.48.6] AndroidManifest.xml:14:21-62
27
28            <data android:scheme="http" />
28-->[com.stripe:financial-connections:20.48.6] AndroidManifest.xml:16:13-43
28-->[com.stripe:financial-connections:20.48.6] AndroidManifest.xml:16:19-40
29        </intent>
30        <!-- Added to check if Chrome is installed for browser-based payment authentication (e.g. 3DS1). -->
31        <package android:name="com.android.chrome" /> <!-- Needs to be explicitly declared on Android R+ -->
31-->[com.stripe:payments-core:20.48.6] AndroidManifest.xml:11:9-54
31-->[com.stripe:payments-core:20.48.6] AndroidManifest.xml:11:18-51
32        <package android:name="com.google.android.apps.maps" />
32-->[com.google.android.gms:play-services-maps:18.2.0] AndroidManifest.xml:33:9-64
32-->[com.google.android.gms:play-services-maps:18.2.0] AndroidManifest.xml:33:18-61
33    </queries>
34
35    <uses-permission android:name="com.google.android.gms.permission.AD_ID" />
35-->[com.google.android.gms:play-services-measurement-api:22.0.2] AndroidManifest.xml:25:5-79
35-->[com.google.android.gms:play-services-measurement-api:22.0.2] AndroidManifest.xml:25:22-76
36    <uses-permission android:name="android.permission.ACCESS_ADSERVICES_ATTRIBUTION" />
36-->[com.google.android.gms:play-services-measurement-api:22.0.2] AndroidManifest.xml:26:5-88
36-->[com.google.android.gms:play-services-measurement-api:22.0.2] AndroidManifest.xml:26:22-85
37    <uses-permission android:name="android.permission.ACCESS_ADSERVICES_AD_ID" />
37-->[com.google.android.gms:play-services-measurement-api:22.0.2] AndroidManifest.xml:27:5-82
37-->[com.google.android.gms:play-services-measurement-api:22.0.2] AndroidManifest.xml:27:22-79
38    <uses-permission android:name="com.google.android.providers.gsf.permission.READ_GSERVICES" />
38-->[com.google.android.recaptcha:recaptcha:18.4.0] AndroidManifest.xml:9:5-98
38-->[com.google.android.recaptcha:recaptcha:18.4.0] AndroidManifest.xml:9:22-95
39
40    <uses-feature
40-->[com.google.android.gms:play-services-maps:18.2.0] AndroidManifest.xml:26:5-28:35
41        android:glEsVersion="0x00020000"
41-->[com.google.android.gms:play-services-maps:18.2.0] AndroidManifest.xml:27:9-41
42        android:required="true" />
42-->[com.google.android.gms:play-services-maps:18.2.0] AndroidManifest.xml:28:9-32
43
44    <uses-permission android:name="com.google.android.finsky.permission.BIND_GET_INSTALL_REFERRER_SERVICE" />
44-->[com.google.android.gms:play-services-measurement:22.0.2] AndroidManifest.xml:26:5-110
44-->[com.google.android.gms:play-services-measurement:22.0.2] AndroidManifest.xml:26:22-107
45    <uses-permission android:name="android.permission.RECEIVE_BOOT_COMPLETED" />
45-->[androidx.work:work-runtime:2.7.1] AndroidManifest.xml:27:5-81
45-->[androidx.work:work-runtime:2.7.1] AndroidManifest.xml:27:22-78
46    <uses-permission android:name="android.permission.FOREGROUND_SERVICE" />
46-->[androidx.work:work-runtime:2.7.1] AndroidManifest.xml:28:5-77
46-->[androidx.work:work-runtime:2.7.1] AndroidManifest.xml:28:22-74
47
48    <permission
48-->[androidx.core:core:1.12.0] AndroidManifest.xml:22:5-24:47
49        android:name="com.kdugo.DYNAMIC_RECEIVER_NOT_EXPORTED_PERMISSION"
49-->[androidx.core:core:1.12.0] AndroidManifest.xml:23:9-81
50        android:protectionLevel="signature" />
50-->[androidx.core:core:1.12.0] AndroidManifest.xml:24:9-44
51
52    <uses-permission android:name="com.kdugo.DYNAMIC_RECEIVER_NOT_EXPORTED_PERMISSION" />
52-->[androidx.core:core:1.12.0] AndroidManifest.xml:26:5-97
52-->[androidx.core:core:1.12.0] AndroidManifest.xml:26:22-94
53
54    <application
54-->src\main\AndroidManifest.xml:13:3-35:15
55        android:name="com.kdugo.MainApplication"
55-->src\main\AndroidManifest.xml:14:5-36
56        android:allowBackup="false"
56-->src\main\AndroidManifest.xml:18:5-32
57        android:appComponentFactory="androidx.core.app.CoreComponentFactory"
57-->[androidx.core:core:1.12.0] AndroidManifest.xml:28:18-86
58        android:debuggable="true"
59        android:extractNativeLibs="false"
60        android:icon="@mipmap/ic_launcher"
60-->src\main\AndroidManifest.xml:16:5-39
61        android:label="@string/app_name"
61-->src\main\AndroidManifest.xml:15:5-37
62        android:roundIcon="@mipmap/ic_launcher_round"
62-->src\main\AndroidManifest.xml:17:5-50
63        android:theme="@style/AppTheme"
63-->src\main\AndroidManifest.xml:19:5-36
64        android:usesCleartextTraffic="true" >
64-->src\debug\AndroidManifest.xml:6:9-44
65        <meta-data
65-->src\main\AndroidManifest.xml:20:5-22:67
66            android:name="com.google.android.geo.API_KEY"
66-->src\main\AndroidManifest.xml:21:9-54
67            android:value="AIzaSyB8SDuL-vEKer19D3XBIrNmO8-uuYN_mkI" />
67-->src\main\AndroidManifest.xml:22:9-64
68
69        <activity
69-->src\main\AndroidManifest.xml:23:5-34:16
70            android:name="com.kdugo.MainActivity"
70-->src\main\AndroidManifest.xml:24:9-37
71            android:configChanges="keyboard|keyboardHidden|orientation|screenLayout|screenSize|smallestScreenSize|uiMode"
71-->src\main\AndroidManifest.xml:26:9-118
72            android:exported="true"
72-->src\main\AndroidManifest.xml:29:9-32
73            android:label="@string/app_name"
73-->src\main\AndroidManifest.xml:25:9-41
74            android:launchMode="singleTask"
74-->src\main\AndroidManifest.xml:27:9-40
75            android:windowSoftInputMode="adjustResize" >
75-->src\main\AndroidManifest.xml:28:9-51
76            <intent-filter>
76-->src\main\AndroidManifest.xml:30:9-33:25
77                <action android:name="android.intent.action.MAIN" />
77-->src\main\AndroidManifest.xml:31:13-65
77-->src\main\AndroidManifest.xml:31:21-62
78
79                <category android:name="android.intent.category.LAUNCHER" />
79-->src\main\AndroidManifest.xml:32:13-73
79-->src\main\AndroidManifest.xml:32:23-70
80            </intent-filter>
81        </activity>
82
83        <meta-data
83-->[:react-native-firebase_app] AndroidManifest.xml:9:9-11:36
84            android:name="app_data_collection_default_enabled"
84-->[:react-native-firebase_app] AndroidManifest.xml:10:13-63
85            android:value="true" />
85-->[:react-native-firebase_app] AndroidManifest.xml:11:13-33
86
87        <service
87-->[:react-native-firebase_app] AndroidManifest.xml:13:9-21:19
88            android:name="com.google.firebase.components.ComponentDiscoveryService"
88-->[:react-native-firebase_app] AndroidManifest.xml:14:13-84
89            android:directBootAware="true"
89-->[:react-native-firebase_app] AndroidManifest.xml:15:13-43
90            android:exported="false" >
90-->[:react-native-firebase_app] AndroidManifest.xml:16:13-37
91            <meta-data
91-->[:react-native-firebase_app] AndroidManifest.xml:18:13-20:85
92                android:name="com.google.firebase.components:io.invertase.firebase.app.ReactNativeFirebaseAppRegistrar"
92-->[:react-native-firebase_app] AndroidManifest.xml:19:17-120
93                android:value="com.google.firebase.components.ComponentRegistrar" />
93-->[:react-native-firebase_app] AndroidManifest.xml:20:17-82
94            <meta-data
94-->[com.google.firebase:firebase-firestore:25.0.0] AndroidManifest.xml:17:13-19:85
95                android:name="com.google.firebase.components:com.google.firebase.firestore.FirebaseFirestoreKtxRegistrar"
95-->[com.google.firebase:firebase-firestore:25.0.0] AndroidManifest.xml:18:17-122
96                android:value="com.google.firebase.components.ComponentRegistrar" />
96-->[com.google.firebase:firebase-firestore:25.0.0] AndroidManifest.xml:19:17-82
97            <meta-data
97-->[com.google.firebase:firebase-firestore:25.0.0] AndroidManifest.xml:20:13-22:85
98                android:name="com.google.firebase.components:com.google.firebase.firestore.FirestoreRegistrar"
98-->[com.google.firebase:firebase-firestore:25.0.0] AndroidManifest.xml:21:17-111
99                android:value="com.google.firebase.components.ComponentRegistrar" />
99-->[com.google.firebase:firebase-firestore:25.0.0] AndroidManifest.xml:22:17-82
100            <meta-data
100-->[com.google.firebase:firebase-auth:23.0.0] AndroidManifest.xml:69:13-71:85
101                android:name="com.google.firebase.components:com.google.firebase.auth.FirebaseAuthRegistrar"
101-->[com.google.firebase:firebase-auth:23.0.0] AndroidManifest.xml:70:17-109
102                android:value="com.google.firebase.components.ComponentRegistrar" />
102-->[com.google.firebase:firebase-auth:23.0.0] AndroidManifest.xml:71:17-82
103            <meta-data
103-->[com.google.firebase:firebase-storage:21.0.0] AndroidManifest.xml:30:13-32:85
104                android:name="com.google.firebase.components:com.google.firebase.storage.FirebaseStorageKtxRegistrar"
104-->[com.google.firebase:firebase-storage:21.0.0] AndroidManifest.xml:31:17-118
105                android:value="com.google.firebase.components.ComponentRegistrar" />
105-->[com.google.firebase:firebase-storage:21.0.0] AndroidManifest.xml:32:17-82
106            <meta-data
106-->[com.google.firebase:firebase-storage:21.0.0] AndroidManifest.xml:33:13-35:85
107                android:name="com.google.firebase.components:com.google.firebase.storage.StorageRegistrar"
107-->[com.google.firebase:firebase-storage:21.0.0] AndroidManifest.xml:34:17-107
108                android:value="com.google.firebase.components.ComponentRegistrar" />
108-->[com.google.firebase:firebase-storage:21.0.0] AndroidManifest.xml:35:17-82
109            <meta-data
109-->[com.google.android.gms:play-services-measurement-api:22.0.2] AndroidManifest.xml:37:13-39:85
110                android:name="com.google.firebase.components:com.google.firebase.analytics.connector.internal.AnalyticsConnectorRegistrar"
110-->[com.google.android.gms:play-services-measurement-api:22.0.2] AndroidManifest.xml:38:17-139
111                android:value="com.google.firebase.components.ComponentRegistrar" />
111-->[com.google.android.gms:play-services-measurement-api:22.0.2] AndroidManifest.xml:39:17-82
112            <meta-data
112-->[com.google.firebase:firebase-appcheck:18.0.0] AndroidManifest.xml:25:13-27:85
113                android:name="com.google.firebase.components:com.google.firebase.appcheck.FirebaseAppCheckKtxRegistrar"
113-->[com.google.firebase:firebase-appcheck:18.0.0] AndroidManifest.xml:26:17-120
114                android:value="com.google.firebase.components.ComponentRegistrar" />
114-->[com.google.firebase:firebase-appcheck:18.0.0] AndroidManifest.xml:27:17-82
115            <meta-data
115-->[com.google.firebase:firebase-appcheck:18.0.0] AndroidManifest.xml:28:13-30:85
116                android:name="com.google.firebase.components:com.google.firebase.appcheck.FirebaseAppCheckRegistrar"
116-->[com.google.firebase:firebase-appcheck:18.0.0] AndroidManifest.xml:29:17-117
117                android:value="com.google.firebase.components.ComponentRegistrar" />
117-->[com.google.firebase:firebase-appcheck:18.0.0] AndroidManifest.xml:30:17-82
118            <meta-data
118-->[com.google.firebase:firebase-installations:18.0.0] AndroidManifest.xml:15:13-17:85
119                android:name="com.google.firebase.components:com.google.firebase.installations.FirebaseInstallationsKtxRegistrar"
119-->[com.google.firebase:firebase-installations:18.0.0] AndroidManifest.xml:16:17-130
120                android:value="com.google.firebase.components.ComponentRegistrar" />
120-->[com.google.firebase:firebase-installations:18.0.0] AndroidManifest.xml:17:17-82
121            <meta-data
121-->[com.google.firebase:firebase-installations:18.0.0] AndroidManifest.xml:18:13-20:85
122                android:name="com.google.firebase.components:com.google.firebase.installations.FirebaseInstallationsRegistrar"
122-->[com.google.firebase:firebase-installations:18.0.0] AndroidManifest.xml:19:17-127
123                android:value="com.google.firebase.components.ComponentRegistrar" />
123-->[com.google.firebase:firebase-installations:18.0.0] AndroidManifest.xml:20:17-82
124            <meta-data
124-->[com.google.firebase:firebase-common-ktx:21.0.0] AndroidManifest.xml:12:13-14:85
125                android:name="com.google.firebase.components:com.google.firebase.ktx.FirebaseCommonLegacyRegistrar"
125-->[com.google.firebase:firebase-common-ktx:21.0.0] AndroidManifest.xml:13:17-116
126                android:value="com.google.firebase.components.ComponentRegistrar" />
126-->[com.google.firebase:firebase-common-ktx:21.0.0] AndroidManifest.xml:14:17-82
127            <meta-data
127-->[com.google.firebase:firebase-common:21.0.0] AndroidManifest.xml:35:13-37:85
128                android:name="com.google.firebase.components:com.google.firebase.FirebaseCommonKtxRegistrar"
128-->[com.google.firebase:firebase-common:21.0.0] AndroidManifest.xml:36:17-109
129                android:value="com.google.firebase.components.ComponentRegistrar" />
129-->[com.google.firebase:firebase-common:21.0.0] AndroidManifest.xml:37:17-82
130        </service>
131
132        <provider
132-->[:react-native-firebase_app] AndroidManifest.xml:23:9-27:38
133            android:name="io.invertase.firebase.app.ReactNativeFirebaseAppInitProvider"
133-->[:react-native-firebase_app] AndroidManifest.xml:24:13-88
134            android:authorities="com.kdugo.reactnativefirebaseappinitprovider"
134-->[:react-native-firebase_app] AndroidManifest.xml:25:13-86
135            android:exported="false"
135-->[:react-native-firebase_app] AndroidManifest.xml:26:13-37
136            android:initOrder="99" />
136-->[:react-native-firebase_app] AndroidManifest.xml:27:13-35
137        <provider
137-->[:react-native-image-picker] AndroidManifest.xml:8:9-16:20
138            android:name="com.imagepicker.ImagePickerProvider"
138-->[:react-native-image-picker] AndroidManifest.xml:9:13-63
139            android:authorities="com.kdugo.imagepickerprovider"
139-->[:react-native-image-picker] AndroidManifest.xml:10:13-71
140            android:exported="false"
140-->[:react-native-image-picker] AndroidManifest.xml:11:13-37
141            android:grantUriPermissions="true" >
141-->[:react-native-image-picker] AndroidManifest.xml:12:13-47
142            <meta-data
142-->[:react-native-image-picker] AndroidManifest.xml:13:13-15:70
143                android:name="android.support.FILE_PROVIDER_PATHS"
143-->[:react-native-image-picker] AndroidManifest.xml:14:17-67
144                android:resource="@xml/imagepicker_provider_paths" />
144-->[:react-native-image-picker] AndroidManifest.xml:15:17-67
145        </provider>
146        <provider
146-->[:react-native-webview] AndroidManifest.xml:8:9-16:20
147            android:name="com.reactnativecommunity.webview.RNCWebViewFileProvider"
147-->[:react-native-webview] AndroidManifest.xml:9:13-83
148            android:authorities="com.kdugo.fileprovider"
148-->[:react-native-webview] AndroidManifest.xml:10:13-64
149            android:exported="false"
149-->[:react-native-webview] AndroidManifest.xml:11:13-37
150            android:grantUriPermissions="true" >
150-->[:react-native-webview] AndroidManifest.xml:12:13-47
151            <meta-data
151-->[:react-native-image-picker] AndroidManifest.xml:13:13-15:70
152                android:name="android.support.FILE_PROVIDER_PATHS"
152-->[:react-native-image-picker] AndroidManifest.xml:14:17-67
153                android:resource="@xml/file_provider_paths" />
153-->[:react-native-image-picker] AndroidManifest.xml:15:17-67
154        </provider>
155
156        <activity
156-->[com.facebook.react:react-android:0.74.3] AndroidManifest.xml:19:9-21:40
157            android:name="com.facebook.react.devsupport.DevSettingsActivity"
157-->[com.facebook.react:react-android:0.74.3] AndroidManifest.xml:20:13-77
158            android:exported="false" />
158-->[com.facebook.react:react-android:0.74.3] AndroidManifest.xml:21:13-37
159        <activity
159-->[com.stripe:financial-connections:20.48.6] AndroidManifest.xml:21:9-65:20
160            android:name="com.stripe.android.financialconnections.FinancialConnectionsSheetRedirectActivity"
160-->[com.stripe:financial-connections:20.48.6] AndroidManifest.xml:22:13-109
161            android:exported="true"
161-->[com.stripe:financial-connections:20.48.6] AndroidManifest.xml:23:13-36
162            android:launchMode="singleTask" >
162-->[com.stripe:financial-connections:20.48.6] AndroidManifest.xml:24:13-44
163            <intent-filter>
163-->[com.stripe:financial-connections:20.48.6] AndroidManifest.xml:25:13-64:29
164                <action android:name="android.intent.action.VIEW" />
164-->[com.stripe:financial-connections:20.48.6] AndroidManifest.xml:14:13-65
164-->[com.stripe:financial-connections:20.48.6] AndroidManifest.xml:14:21-62
165
166                <category android:name="android.intent.category.DEFAULT" />
166-->[com.stripe:financial-connections:20.48.6] AndroidManifest.xml:28:17-76
166-->[com.stripe:financial-connections:20.48.6] AndroidManifest.xml:28:27-73
167                <category android:name="android.intent.category.BROWSABLE" />
167-->[com.stripe:financial-connections:20.48.6] AndroidManifest.xml:29:17-78
167-->[com.stripe:financial-connections:20.48.6] AndroidManifest.xml:29:27-75
168
169                <!-- Returning from app2app: return_url is triggered to reopen web AuthFlow and poll accounts. -->
170                <data
170-->[com.stripe:financial-connections:20.48.6] AndroidManifest.xml:16:13-43
171                    android:host="link-accounts"
172                    android:pathPrefix="/com.kdugo/authentication_return"
173                    android:scheme="stripe-auth" />
173-->[com.stripe:financial-connections:20.48.6] AndroidManifest.xml:16:19-40
174
175                <!-- Returning from app2app: return_url is triggered to reopen native AuthFlow and poll accounts. -->
176                <data
176-->[com.stripe:financial-connections:20.48.6] AndroidManifest.xml:16:13-43
177                    android:host="link-native-accounts"
178                    android:pathPrefix="/com.kdugo/authentication_return"
179                    android:scheme="stripe-auth" />
179-->[com.stripe:financial-connections:20.48.6] AndroidManifest.xml:16:19-40
180
181                <!-- End of web AuthFlow success and cancel URIs that begin with "stripe-auth://link-accounts/{app-id}/...” -->
182                <data
182-->[com.stripe:financial-connections:20.48.6] AndroidManifest.xml:16:13-43
183                    android:host="link-accounts"
184                    android:path="/com.kdugo/success"
185                    android:scheme="stripe-auth" />
185-->[com.stripe:financial-connections:20.48.6] AndroidManifest.xml:16:19-40
186                <data
186-->[com.stripe:financial-connections:20.48.6] AndroidManifest.xml:16:13-43
187                    android:host="link-accounts"
188                    android:path="/com.kdugo/cancel"
189                    android:scheme="stripe-auth" />
189-->[com.stripe:financial-connections:20.48.6] AndroidManifest.xml:16:19-40
190
191                <!-- Opening app2app: Web flow triggers stripe-auth://native-redirect/{app-id}/http://web-that-redirects-to-native -->
192                <data
192-->[com.stripe:financial-connections:20.48.6] AndroidManifest.xml:16:13-43
193                    android:host="native-redirect"
194                    android:pathPrefix="/com.kdugo"
195                    android:scheme="stripe-auth" />
195-->[com.stripe:financial-connections:20.48.6] AndroidManifest.xml:16:19-40
196
197                <!-- Accepts success/cancel/fail URIs that begin with "stripe://auth-redirect” -->
198                <data
198-->[com.stripe:financial-connections:20.48.6] AndroidManifest.xml:16:13-43
199                    android:host="auth-redirect"
200                    android:pathPrefix="/com.kdugo"
201                    android:scheme="stripe" />
201-->[com.stripe:financial-connections:20.48.6] AndroidManifest.xml:16:19-40
202            </intent-filter>
203        </activity>
204        <activity
204-->[com.stripe:financial-connections:20.48.6] AndroidManifest.xml:66:9-69:77
205            android:name="com.stripe.android.financialconnections.FinancialConnectionsSheetActivity"
205-->[com.stripe:financial-connections:20.48.6] AndroidManifest.xml:67:13-101
206            android:exported="false"
206-->[com.stripe:financial-connections:20.48.6] AndroidManifest.xml:68:13-37
207            android:theme="@style/StripeFinancialConnectionsDefaultTheme" />
207-->[com.stripe:financial-connections:20.48.6] AndroidManifest.xml:69:13-74
208        <activity
208-->[com.stripe:financial-connections:20.48.6] AndroidManifest.xml:70:9-74:58
209            android:name="com.stripe.android.financialconnections.ui.FinancialConnectionsSheetNativeActivity"
209-->[com.stripe:financial-connections:20.48.6] AndroidManifest.xml:71:13-110
210            android:exported="false"
210-->[com.stripe:financial-connections:20.48.6] AndroidManifest.xml:72:13-37
211            android:theme="@style/StripeFinancialConnectionsDefaultTheme"
211-->[com.stripe:financial-connections:20.48.6] AndroidManifest.xml:73:13-74
212            android:windowSoftInputMode="adjustResize" />
212-->[com.stripe:financial-connections:20.48.6] AndroidManifest.xml:74:13-55
213        <activity
213-->[com.stripe:paymentsheet:20.48.6] AndroidManifest.xml:8:9-11:69
214            android:name="com.stripe.android.paymentsheet.PaymentSheetActivity"
214-->[com.stripe:paymentsheet:20.48.6] AndroidManifest.xml:9:13-80
215            android:exported="false"
215-->[com.stripe:paymentsheet:20.48.6] AndroidManifest.xml:10:13-37
216            android:theme="@style/StripePaymentSheetDefaultTheme" />
216-->[com.stripe:paymentsheet:20.48.6] AndroidManifest.xml:11:13-66
217        <activity
217-->[com.stripe:paymentsheet:20.48.6] AndroidManifest.xml:12:9-15:69
218            android:name="com.stripe.android.paymentsheet.PaymentOptionsActivity"
218-->[com.stripe:paymentsheet:20.48.6] AndroidManifest.xml:13:13-82
219            android:exported="false"
219-->[com.stripe:paymentsheet:20.48.6] AndroidManifest.xml:14:13-37
220            android:theme="@style/StripePaymentSheetDefaultTheme" />
220-->[com.stripe:paymentsheet:20.48.6] AndroidManifest.xml:15:13-66
221        <activity
221-->[com.stripe:paymentsheet:20.48.6] AndroidManifest.xml:16:9-19:69
222            android:name="com.stripe.android.customersheet.CustomerSheetActivity"
222-->[com.stripe:paymentsheet:20.48.6] AndroidManifest.xml:17:13-82
223            android:exported="false"
223-->[com.stripe:paymentsheet:20.48.6] AndroidManifest.xml:18:13-37
224            android:theme="@style/StripePaymentSheetDefaultTheme" />
224-->[com.stripe:paymentsheet:20.48.6] AndroidManifest.xml:19:13-66
225        <activity
225-->[com.stripe:paymentsheet:20.48.6] AndroidManifest.xml:20:9-23:69
226            android:name="com.stripe.android.paymentsheet.addresselement.AddressElementActivity"
226-->[com.stripe:paymentsheet:20.48.6] AndroidManifest.xml:21:13-97
227            android:exported="false"
227-->[com.stripe:paymentsheet:20.48.6] AndroidManifest.xml:22:13-37
228            android:theme="@style/StripePaymentSheetDefaultTheme" />
228-->[com.stripe:paymentsheet:20.48.6] AndroidManifest.xml:23:13-66
229        <activity
229-->[com.stripe:paymentsheet:20.48.6] AndroidManifest.xml:24:9-27:69
230            android:name="com.stripe.android.paymentsheet.paymentdatacollection.bacs.BacsMandateConfirmationActivity"
230-->[com.stripe:paymentsheet:20.48.6] AndroidManifest.xml:25:13-118
231            android:exported="false"
231-->[com.stripe:paymentsheet:20.48.6] AndroidManifest.xml:26:13-37
232            android:theme="@style/StripePaymentSheetDefaultTheme" />
232-->[com.stripe:paymentsheet:20.48.6] AndroidManifest.xml:27:13-66
233        <activity
233-->[com.stripe:paymentsheet:20.48.6] AndroidManifest.xml:28:9-31:69
234            android:name="com.stripe.android.paymentsheet.paymentdatacollection.polling.PollingActivity"
234-->[com.stripe:paymentsheet:20.48.6] AndroidManifest.xml:29:13-105
235            android:exported="false"
235-->[com.stripe:paymentsheet:20.48.6] AndroidManifest.xml:30:13-37
236            android:theme="@style/StripePaymentSheetDefaultTheme" />
236-->[com.stripe:paymentsheet:20.48.6] AndroidManifest.xml:31:13-66
237        <activity
237-->[com.stripe:paymentsheet:20.48.6] AndroidManifest.xml:32:9-35:69
238            android:name="com.stripe.android.paymentsheet.ui.SepaMandateActivity"
238-->[com.stripe:paymentsheet:20.48.6] AndroidManifest.xml:33:13-82
239            android:exported="false"
239-->[com.stripe:paymentsheet:20.48.6] AndroidManifest.xml:34:13-37
240            android:theme="@style/StripePaymentSheetDefaultTheme" />
240-->[com.stripe:paymentsheet:20.48.6] AndroidManifest.xml:35:13-66
241        <activity
241-->[com.stripe:paymentsheet:20.48.6] AndroidManifest.xml:36:9-39:68
242            android:name="com.stripe.android.paymentsheet.ExternalPaymentMethodProxyActivity"
242-->[com.stripe:paymentsheet:20.48.6] AndroidManifest.xml:37:13-94
243            android:exported="false"
243-->[com.stripe:paymentsheet:20.48.6] AndroidManifest.xml:38:13-37
244            android:theme="@style/StripePayLauncherDefaultTheme" />
244-->[com.stripe:paymentsheet:20.48.6] AndroidManifest.xml:39:13-65
245        <activity
245-->[com.stripe:paymentsheet:20.48.6] AndroidManifest.xml:40:9-42:69
246            android:name="com.stripe.android.paymentsheet.paymentdatacollection.cvcrecollection.CvcRecollectionActivity"
246-->[com.stripe:paymentsheet:20.48.6] AndroidManifest.xml:41:13-121
247            android:theme="@style/StripePaymentSheetDefaultTheme" />
247-->[com.stripe:paymentsheet:20.48.6] AndroidManifest.xml:42:13-66
248        <activity
248-->[com.stripe:link:20.48.6] AndroidManifest.xml:8:9-13:61
249            android:name="com.stripe.android.link.LinkForegroundActivity"
249-->[com.stripe:link:20.48.6] AndroidManifest.xml:9:13-74
250            android:autoRemoveFromRecents="true"
250-->[com.stripe:link:20.48.6] AndroidManifest.xml:10:13-49
251            android:configChanges="orientation|keyboard|keyboardHidden|screenLayout|screenSize|smallestScreenSize"
251-->[com.stripe:link:20.48.6] AndroidManifest.xml:11:13-115
252            android:launchMode="singleTop"
252-->[com.stripe:link:20.48.6] AndroidManifest.xml:12:13-43
253            android:theme="@style/StripeTransparentTheme" />
253-->[com.stripe:link:20.48.6] AndroidManifest.xml:13:13-58
254        <activity
254-->[com.stripe:link:20.48.6] AndroidManifest.xml:14:9-31:20
255            android:name="com.stripe.android.link.LinkRedirectHandlerActivity"
255-->[com.stripe:link:20.48.6] AndroidManifest.xml:15:13-79
256            android:autoRemoveFromRecents="true"
256-->[com.stripe:link:20.48.6] AndroidManifest.xml:16:13-49
257            android:exported="true"
257-->[com.stripe:link:20.48.6] AndroidManifest.xml:17:13-36
258            android:launchMode="singleInstance"
258-->[com.stripe:link:20.48.6] AndroidManifest.xml:18:13-48
259            android:theme="@style/StripeTransparentTheme" >
259-->[com.stripe:link:20.48.6] AndroidManifest.xml:19:13-58
260            <intent-filter>
260-->[com.stripe:link:20.48.6] AndroidManifest.xml:20:13-30:29
261                <action android:name="android.intent.action.VIEW" />
261-->[com.stripe:financial-connections:20.48.6] AndroidManifest.xml:14:13-65
261-->[com.stripe:financial-connections:20.48.6] AndroidManifest.xml:14:21-62
262
263                <category android:name="android.intent.category.DEFAULT" />
263-->[com.stripe:financial-connections:20.48.6] AndroidManifest.xml:28:17-76
263-->[com.stripe:financial-connections:20.48.6] AndroidManifest.xml:28:27-73